Started at: 20160629_113524
integration-wos: processing repository
integration-wos: trying incremental update
integration-wos: last bundle at tag Bundle20160629_104216
integration-wos: about to pull
Already up-to-date.
integration-wos: about to list
integration-wos: about to remove empty file c:\testJava\GitSynch\repositoriesToReplicate\integration-wos\Bundle20160629_104216_list.txt
integration-wos: nothing to update
ontology: processing repository
ontology: trying incremental update
ontology: last bundle at tag Bundle20160629_104233
ontology: about to pull
Already up-to-date.
ontology: about to list
ontology: about to remove empty file c:\testJava\GitSynch\repositoriesToReplicate\ontology\Bundle20160629_104233_list.txt
ontology: nothing to update
utility: processing repository
utility: trying incremental update
utility: last bundle at tag Bundle20160629_104244
utility: about to pull
Already up-to-date.
utility: about to list
utility: about to remove empty file c:\testJava\GitSynch\repositoriesToReplicate\utility\Bundle20160629_104244_list.txt
utility: nothing to update
workSampleO-war: processing repository
workSampleO-war: trying incremental update
workSampleO-war: last bundle at tag Bundle20160629_111611
workSampleO-war: about to pull
Updating c445466..57bb447
error: Your local changes to the following files would be overwritten by merge:
	GitSynch/config.bat
Please, commit your changes or stash them before you can merge.
Aborting
workSampleO-war: about to list
workSampleO-war: about to remove empty file c:\testJava\GitSynch\repositoriesToReplicate\workSampleO-war\Bundle20160629_111611_list.txt
workSampleO-war: nothing to update
Ended at: 20160629_113538
Started at: 20160629_113838
integration-wos: processing repository
integration-wos: trying incremental update
integration-wos: last bundle at tag Bundle20160629_104216
integration-wos: about to pull
Already up-to-date.
integration-wos: about to list
integration-wos: about to remove empty file c:\testJava\GitSynch\repositoriesToReplicate\integration-wos\Bundle20160629_104216_list.txt
integration-wos: nothing to update
ontology: processing repository
ontology: trying incremental update
ontology: last bundle at tag Bundle20160629_104233
ontology: about to pull
Already up-to-date.
ontology: about to list
ontology: about to remove empty file c:\testJava\GitSynch\repositoriesToReplicate\ontology\Bundle20160629_104233_list.txt
ontology: nothing to update
utility: processing repository
utility: trying incremental update
utility: last bundle at tag Bundle20160629_104244
utility: about to pull
Already up-to-date.
utility: about to list
utility: about to remove empty file c:\testJava\GitSynch\repositoriesToReplicate\utility\Bundle20160629_104244_list.txt
utility: nothing to update
workSampleO-war: processing repository
workSampleO-war: trying incremental update
workSampleO-war: last bundle at tag Bundle20160629_111611
workSampleO-war: about to pull
Updating c445466..57bb447
error: Your local changes to the following files would be overwritten by merge:
	GitSynch/config.bat
Please, commit your changes or stash them before you can merge.
Aborting
workSampleO-war: about to list
workSampleO-war: about to remove empty file c:\testJava\GitSynch\repositoriesToReplicate\workSampleO-war\Bundle20160629_111611_list.txt
workSampleO-war: nothing to update
Ended at: 20160629_113851
Started at: 20160629_115053
integration-wos: processing repository
integration-wos: trying incremental update
integration-wos: last bundle at tag Bundle20160629_104216
integration-wos: about to fetch
Fetching origin
integration-wos: about to reset
HEAD is now at 2c7b16c one blank line for demo
integration-wos: about to list
integration-wos: about to remove empty file c:\testJava\GitSynch\repositoriesToReplicate\integration-wos\Bundle20160629_104216_list.txt
integration-wos: nothing to update
ontology: processing repository
ontology: trying incremental update
ontology: last bundle at tag Bundle20160629_104233
ontology: about to fetch
Fetching origin
ontology: about to reset
HEAD is now at 2a5ac63 Added Properties
ontology: about to list
ontology: about to remove empty file c:\testJava\GitSynch\repositoriesToReplicate\ontology\Bundle20160629_104233_list.txt
ontology: nothing to update
utility: processing repository
utility: trying incremental update
utility: last bundle at tag Bundle20160629_104244
utility: about to fetch
Fetching origin
utility: about to reset
HEAD is now at 8688fdb Updated ITDB entries
utility: about to list
utility: about to remove empty file c:\testJava\GitSynch\repositoriesToReplicate\utility\Bundle20160629_104244_list.txt
utility: nothing to update
workSampleO-war: processing repository
workSampleO-war: trying incremental update
workSampleO-war: last bundle at tag Bundle20160629_111611
workSampleO-war: about to fetch
Fetching origin
workSampleO-war: about to reset
HEAD is now at 57bb447 Explanation of config variables
workSampleO-war: about to list
workSampleO-war: Bundle20160629_111611_list.txt not empty, about to create bundle workSampleO-war_Bundle20160629_115114.bundle
workSampleO-war: about to tag Bundle20160629_115114
workSampleO-war: about to push tag Bundle20160629_115114
To https://github.com/flaviano-defusco/workSampleO-war
 * [new tag]         Bundle20160629_115114 -> Bundle20160629_115114
workSampleO-war: about to copy c:\testJava\GitSynch\repositoriesToReplicate\workSampleO-war_Bundle20160629_115114.bundle \\tsclient\C\ISEDrop\workSampleO-war_Bundle20160629_115114.bundle.tmp
        1 file(s) copied.
workSampleO-war: about to move c:\testJava\GitSynch\repositoriesToReplicate\workSampleO-war_Bundle20160629_115114.bundle c:\testJava\GitSynch\repositoriesToReplicate\workSampleO-war
        1 file(s) moved.
workSampleO-war: about to rename \\tsclient\C\ISEDrop\workSampleO-war_Bundle20160629_115114.bundle.tmp workSampleO-war_Bundle20160629_115114.bundle
Ended at: 20160629_115120
Started at: 20160629_120339
integration-wos: processing repository
integration-wos: trying incremental update
integration-wos: last bundle at tag Bundle20160629_104216
integration-wos: about to fetch
Fetching origin
integration-wos: about to reset
HEAD is now at 2c7b16c one blank line for demo
integration-wos: about to list
integration-wos: about to remove empty file c:\testJava\GitSynch\repositoriesToReplicate\integration-wos\Bundle20160629_104216_list.txt
integration-wos: nothing to update
ontology: processing repository
ontology: trying incremental update
ontology: last bundle at tag Bundle20160629_104233
ontology: about to fetch
Fetching origin
ontology: about to reset
HEAD is now at 2a5ac63 Added Properties
ontology: about to list
ontology: about to remove empty file c:\testJava\GitSynch\repositoriesToReplicate\ontology\Bundle20160629_104233_list.txt
ontology: nothing to update
utility: processing repository
utility: trying incremental update
utility: last bundle at tag Bundle20160629_104244
utility: about to fetch
Fetching origin
utility: about to reset
HEAD is now at 8688fdb Updated ITDB entries
utility: about to list
utility: about to remove empty file c:\testJava\GitSynch\repositoriesToReplicate\utility\Bundle20160629_104244_list.txt
utility: nothing to update
workSampleO-war: processing repository
workSampleO-war: trying incremental update
workSampleO-war: last bundle at tag Bundle20160629_115114
workSampleO-war: about to fetch
Fetching origin
workSampleO-war: about to reset
HEAD is now at 57bb447 Explanation of config variables
workSampleO-war: about to list
workSampleO-war: about to remove empty file c:\testJava\GitSynch\repositoriesToReplicate\workSampleO-war\Bundle20160629_115114_list.txt
workSampleO-war: nothing to update
Ended at: 20160629_120353
